#
# A fatal error has been detected by the Java Runtime Environment:
#
#  SIGSEGV (0xb) at pc=0x000000011a32f12f, pid=3852, tid=4867
#
# JRE version: Java(TM) SE Runtime Environment (8.0_25-b17) (build 1.8.0_25-b17)
# Java VM: Java HotSpot(TM) 64-Bit Server VM (25.25-b02 mixed mode bsd-amd64 compressed oops)
# Problematic frame:
# C  [librxtxSerial.jnilib+0x312f]  Java_gnu_io_RXTXPort_interruptEventLoop+0x6b
#
# Failed to write core dump. Core dumps have been disabled. To enable core dumping, try "ulimit -c unlimited" before starting Java again
#
# If you would like to submit a bug report, please visit:
#   http://bugreport.sun.com/bugreport/crash.jsp
# The crash happened outside the Java Virtual Machine in native code.
# See problematic frame for where to report the bug.
#

---------------  T H R E A D  ---------------

Current thread (0x00007ff3a880c000):  JavaThread "main" [_thread_in_native, id=4867, stack(0x000000010231d000,0x000000010241d000)]

siginfo: si_signo: 11 (SIGSEGV), si_code: 1 (SEGV_MAPERR), si_addr: 0x000000011a43a868

Registers:
RAX=0x0000000000000000, RBX=0x000000011a43a700, RCX=0x00007fff9620e48a, RDX=0xffffffffffffffff
RSP=0x000000010241c790, RBP=0x000000010241c7a0, RSI=0x0000000000000000, RDI=0x000000000000003c
R8 =0x0000000000000000, R9 =0x0000000002faf080, R10=0x0000000000000001, R11=0x0000000000000247
R12=0x0000000000000014, R13=0x0000000116acc018, R14=0x000000010241c818, R15=0x00007ff3a880c000
RIP=0x000000011a32f12f, EFLAGS=0x0000000000010202, ERR=0x0000000000000004
  TRAPNO=0x000000000000000e

Top of Stack: (sp=0x000000010241c790)
0x000000010241c790:   0000000116acc018 0000000000000000
0x000000010241c7a0:   000000010241c7f8 0000000102434694
0x000000010241c7b0:   00000001024343e2 000000010241c7b8
0x000000010241c7c0:   0000000116acc018 000000010241c818
0x000000010241c7d0:   0000000116ad7988 0000000000000000
0x000000010241c7e0:   0000000116acc018 0000000000000000
0x000000010241c7f0:   000000010241c818 000000010241c860
0x000000010241c800:   000000010242698d 0000000000000000
0x000000010241c810:   000000010242e2b8 00000007958498c8
0x000000010241c820:   000000010241c820 0000000116acc4bf
0x000000010241c830:   000000010241c878 0000000116ad7988
0x000000010241c840:   0000000000000000 0000000116acc550
0x000000010241c850:   000000010241c818 000000010241c878
0x000000010241c860:   000000010241c8d0 000000010242698d
0x000000010241c870:   0000000000000000 00000007958498c8
0x000000010241c880:   0000000000000001 00000007957d9b20
0x000000010241c890:   000000010241c880 0000000116ac123b
0x000000010241c8a0:   000000010241c8e0 0000000116ac1678
0x000000010241c8b0:   0000000000000000 0000000116ac1260
0x000000010241c8c0:   000000010241c878 000000010241c8e0
0x000000010241c8d0:   000000010241c928 000000010242698d
0x000000010241c8e0:   00000007957d9b20 000000010241c8e8
0x000000010241c8f0:   0000000116ac14ac 000000010241c948
0x000000010241c900:   0000000116ac1678 0000000000000000
0x000000010241c910:   0000000116ac1538 000000010241c8e0
0x000000010241c920:   000000010241c948 000000010241c9b0
0x000000010241c930:   000000010241f4e7 0000000000000000
0x000000010241c940:   00000007957d9b20 00000007957d9b10
0x000000010241c950:   0000000100001fa0 000000000000000a
0x000000010241c960:   00007ff3a880c000 0000000000000001
0x000000010241c970:   000000010241f45f 0000000116ac1538
0x000000010241c980:   000000010241ca48 000000010241cdd0 

Instructions: (pc=0x000000011a32f12f)
0x000000011a32f10f:   00 01 00 00 00 48 8b bb 78 01 00 00 be 06 00 00
0x000000011a32f11f:   00 e8 4d 27 00 00 bf 50 c3 00 00 e8 c7 27 00 00
0x000000011a32f12f:   83 bb 68 01 00 00 01 74 16 48 8b bb 78 01 00 00
0x000000011a32f13f:   e8 16 27 00 00 c7 83 68 01 00 00 01 00 00 00 5b 

Register to memory mapping:

RAX=0x0000000000000000 is an unknown value
RBX=0x000000011a43a700 is an unknown value
RCX=0x00007fff9620e48a: __semwait_signal+0xa in /usr/lib/system/libsystem_kernel.dylib at 0x00007fff961f8000
RDX=0xffffffffffffffff is an unknown value
RSP=0x000000010241c790 is pointing into the stack for thread: 0x00007ff3a880c000
RBP=0x000000010241c7a0 is pointing into the stack for thread: 0x00007ff3a880c000
RSI=0x0000000000000000 is an unknown value
RDI=0x000000000000003c is an unknown value
R8 =0x0000000000000000 is an unknown value
R9 =0x0000000002faf080 is an unknown value
R10=0x0000000000000001 is an unknown value
R11=0x0000000000000247 is an unknown value
R12=0x0000000000000014 is an unknown value
R13={method} {0x0000000116acc018} 'interruptEventLoop' '()V' in 'gnu/io/RXTXPort'
R14=0x000000010241c818 is pointing into the stack for thread: 0x00007ff3a880c000
R15=0x00007ff3a880c000 is a thread


Stack: [0x000000010231d000,0x000000010241d000],  sp=0x000000010241c790,  free space=1021k
Native frames: (J=compiled Java code, j=interpreted, Vv=VM code, C=native code)
C  [librxtxSerial.jnilib+0x312f]  Java_gnu_io_RXTXPort_interruptEventLoop+0x6b
j  gnu.io.RXTXPort.interruptEventLoop()V+0
j  gnu.io.RXTXPort.removeEventListener()V+55
j  ArduinoCommunicator.ArduinoCommunicator.close()V+11
j  ArduinoCommunicator.ArduinoCommunicator.main([Ljava/lang/String;)V+52
v  ~StubRoutines::call_stub
V  [libjvm.dylib+0x2d4516]
V  [libjvm.dylib+0x30958b]
V  [libjvm.dylib+0x302785]
C  [java+0x2c82]  JavaMain+0x998
C  [libsystem_pthread.dylib+0x3268]  _pthread_body+0x83
C  [libsystem_pthread.dylib+0x31e5]  _pthread_body+0x0
C  [libsystem_pthread.dylib+0x141d]  thread_start+0xd
C  0x0000000000000000

Java frames: (J=compiled Java code, j=interpreted, Vv=VM code)
j  gnu.io.RXTXPort.interruptEventLoop()V+0
j  gnu.io.RXTXPort.removeEventListener()V+55
j  ArduinoCommunicator.ArduinoCommunicator.close()V+11
j  ArduinoCommunicator.ArduinoCommunicator.main([Ljava/lang/String;)V+52
v  ~StubRoutines::call_stub

---------------  P R O C E S S  ---------------

Java Threads: ( => current thread )
  0x00007ff3a885d000 JavaThread "Service Thread" daemon [_thread_blocked, id=18179, stack(0x000000011a0da000,0x000000011a1da000)]
  0x00007ff3a884a800 JavaThread "C1 CompilerThread2" daemon [_thread_blocked, id=17667, stack(0x0000000119fd7000,0x000000011a0d7000)]
  0x00007ff3a8829000 JavaThread "C2 CompilerThread1" daemon [_thread_blocked, id=17155, stack(0x0000000119ed4000,0x0000000119fd4000)]
  0x00007ff3aa029000 JavaThread "C2 CompilerThread0" daemon [_thread_blocked, id=16643, stack(0x0000000119dd1000,0x0000000119ed1000)]
  0x00007ff3a8827800 JavaThread "Signal Dispatcher" daemon [_thread_blocked, id=13335, stack(0x0000000119cce000,0x0000000119dce000)]
  0x00007ff3a881a000 JavaThread "Finalizer" daemon [_thread_blocked, id=11523, stack(0x0000000118391000,0x0000000118491000)]
  0x00007ff3a9031800 JavaThread "Reference Handler" daemon [_thread_blocked, id=11011, stack(0x000000011828e000,0x000000011838e000)]
=>0x00007ff3a880c000 JavaThread "main" [_thread_in_native, id=4867, stack(0x000000010231d000,0x000000010241d000)]

Other Threads:
  0x00007ff3a902d000 VMThread [stack: 0x000000011818b000,0x000000011828b000] [id=10499]
  0x00007ff3a8824800 WatcherThread [stack: 0x000000011a1dd000,0x000000011a2dd000] [id=18691]

VM state:not at safepoint (normal execution)

VM Mutex/Monitor currently owned by a thread: None

Heap:
 PSYoungGen      total 38400K, used 3993K [0x0000000795580000, 0x0000000798000000, 0x00000007c0000000)
  eden space 33280K, 12% used [0x0000000795580000,0x00000007959667f0,0x0000000797600000)
  from space 5120K, 0% used [0x0000000797b00000,0x0000000797b00000,0x0000000798000000)
  to   space 5120K, 0% used [0x0000000797600000,0x0000000797600000,0x0000000797b00000)
 ParOldGen       total 87552K, used 0K [0x0000000740000000, 0x0000000745580000, 0x0000000795580000)
  object space 87552K, 0% used [0x0000000740000000,0x0000000740000000,0x0000000745580000)
 Metaspace       used 3062K, capacity 4674K, committed 4864K, reserved 1056768K
  class space    used 327K, capacity 426K, committed 512K, reserved 1048576K

Card table byte_map: [0x00000001117df000,0x0000000111be0000] byte_map_base: 0x000000010dddf000

Marking Bits: (ParMarkBitMap*) 0x0000000101c9d390
 Begin Bits: [0x0000000112297000, 0x0000000114297000)
 End Bits:   [0x0000000114297000, 0x0000000116297000)

Polling page: 0x0000000100bde000

CodeCache: size=245760Kb used=1333Kb max_used=1333Kb free=244426Kb
 bounds [0x000000010241f000, 0x000000010268f000, 0x000000011141f000]
 total_blobs=375 nmethods=139 adapters=151
 compilation: enabled

Compilation events (10 events):
Event: 6.924 Thread 0x00007ff3a884a800  134       1       gnu.io.RXTXPort$MonitorThread::access$000 (5 bytes)
Event: 6.924 Thread 0x00007ff3a884a800 nmethod 134 0x0000000102569910 code [0x0000000102569a60, 0x0000000102569b50]
Event: 6.925 Thread 0x00007ff3a884a800  135       1       gnu.io.CommPort::toString (5 bytes)
Event: 6.925 Thread 0x00007ff3a884a800 nmethod 135 0x0000000102569bd0 code [0x0000000102569d20, 0x0000000102569e30]
Event: 6.925 Thread 0x00007ff3a884a800  136       1       gnu.io.SerialPortEvent::getEventType (5 bytes)
Event: 6.925 Thread 0x00007ff3a884a800 nmethod 136 0x0000000102569e90 code [0x0000000102569fe0, 0x000000010256a0f0]
Event: 7.482 Thread 0x00007ff3a884a800  137  s    3       java.io.BufferedOutputStream::write (67 bytes)
Event: 7.483 Thread 0x00007ff3a884a800 nmethod 137 0x000000010256a4d0 code [0x000000010256a6a0, 0x000000010256aef8]
Event: 7.483 Thread 0x00007ff3a884a800  139       3       sun.nio.cs.StreamEncoder::implWrite (156 bytes)
Event: 7.484 Thread 0x00007ff3a884a800 nmethod 139 0x000000010256b1d0 code [0x000000010256b440, 0x000000010256c2a8]

GC Heap History (0 events):
No events

Deoptimization events (0 events):
No events

Internal exceptions (10 events):
Event: 0.088 Thread 0x00007ff3a880c000 Exception <a 'java/security/PrivilegedActionException'> (0x00000007957a5b18) thrown at [/HUDSON3/workspace/8-2-build-macosx-x86_64/jdk8u25/1514/hotspot/src/share/vm/prims/jvm.cpp, line 1312]
Event: 0.088 Thread 0x00007ff3a880c000 Exception <a 'java/security/PrivilegedActionException'> (0x00000007957a5cd0) thrown at [/HUDSON3/workspace/8-2-build-macosx-x86_64/jdk8u25/1514/hotspot/src/share/vm/prims/jvm.cpp, line 1312]
Event: 0.090 Thread 0x00007ff3a880c000 Exception <a 'java/util/zip/ZipException'> (0x00000007957b7968) thrown at [/HUDSON3/workspace/8-2-build-macosx-x86_64/jdk8u25/1514/hotspot/src/share/vm/prims/jni.cpp, line 716]
Event: 0.090 Thread 0x00007ff3a880c000 Exception <a 'java/security/PrivilegedActionException'> (0x00000007957b7b18) thrown at [/HUDSON3/workspace/8-2-build-macosx-x86_64/jdk8u25/1514/hotspot/src/share/vm/prims/jvm.cpp, line 1312]
Event: 0.090 Thread 0x00007ff3a880c000 Exception <a 'java/security/PrivilegedActionException'> (0x00000007957b7cd0) thrown at [/HUDSON3/workspace/8-2-build-macosx-x86_64/jdk8u25/1514/hotspot/src/share/vm/prims/jvm.cpp, line 1312]
Event: 0.090 Thread 0x00007ff3a880c000 Exception <a 'java/security/PrivilegedActionException'> (0x00000007957b8040) thrown at [/HUDSON3/workspace/8-2-build-macosx-x86_64/jdk8u25/1514/hotspot/src/share/vm/prims/jvm.cpp, line 1312]
Event: 0.105 Thread 0x00007ff3a880c000 Exception <a 'java/io/FileNotFoundException'> (0x0000000795813568) thrown at [/HUDSON3/workspace/8-2-build-macosx-x86_64/jdk8u25/1514/hotspot/src/share/vm/prims/jni.cpp, line 716]
Event: 0.106 Thread 0x00007ff3a880c000 Exception <a 'java/io/FileNotFoundException'> (0x0000000795815918) thrown at [/HUDSON3/workspace/8-2-build-macosx-x86_64/jdk8u25/1514/hotspot/src/share/vm/prims/jni.cpp, line 716]
Event: 0.108 Thread 0x00007ff3a880c000 Exception <a 'java/io/FileNotFoundException'> (0x0000000795829018) thrown at [/HUDSON3/workspace/8-2-build-macosx-x86_64/jdk8u25/1514/hotspot/src/share/vm/prims/jni.cpp, line 716]
Event: 0.109 Thread 0x00007ff3a880c000 Exception <a 'java/io/FileNotFoundException'> (0x000000079582b238) thrown at [/HUDSON3/workspace/8-2-build-macosx-x86_64/jdk8u25/1514/hotspot/src/share/vm/prims/jni.cpp, line 716]

Events (10 events):
Event: 0.114 loading class java/lang/NumberFormatException
Event: 0.114 loading class java/lang/NumberFormatException done
Event: 0.115 loading class java/lang/IndexOutOfBoundsException
Event: 0.115 loading class java/lang/IndexOutOfBoundsException done
Event: 0.116 loading class gnu/io/RXTXPort$MonitorThread
Event: 0.116 loading class gnu/io/RXTXPort$MonitorThread done
Event: 0.116 Thread 0x00007ff3a8886000 Thread added: 0x00007ff3a8886000
Event: 4.094 Executing VM operation: EnableBiasedLocking
Event: 4.095 Executing VM operation: EnableBiasedLocking done
Event: 8.134 Thread 0x00007ff3a8886000 Thread exited: 0x00007ff3a8886000


Dynamic libraries:
0x000000000a7f0000 	/System/Library/Frameworks/Cocoa.framework/Versions/A/Cocoa
0x000000000a7f0000 	/System/Library/Frameworks/Security.framework/Versions/A/Security
0x000000000a7f0000 	/System/Library/Frameworks/ApplicationServices.framework/Versions/A/ApplicationServices
0x000000000a7f0000 	/usr/lib/libz.1.dylib
0x000000000a7f0000 	/usr/lib/libSystem.B.dylib
0x000000000a7f0000 	/usr/lib/libobjc.A.dylib
0x000000000a7f0000 	/System/Library/Frameworks/CoreFoundation.framework/Versions/A/CoreFoundation
0x000000000a7f0000 	/System/Library/Frameworks/Foundation.framework/Versions/C/Foundation
0x000000000a7f0000 	/System/Library/Frameworks/AppKit.framework/Versions/C/AppKit
0x000000000a7f0000 	/System/Library/Frameworks/CoreData.framework/Versions/A/CoreData
0x000000000a7f0000 	/System/Library/PrivateFrameworks/RemoteViewServices.framework/Versions/A/RemoteViewServices
0x000000000a7f0000 	/System/Library/PrivateFrameworks/UIFoundation.framework/Versions/A/UIFoundation
0x000000000a7f0000 	/System/Library/Frameworks/IOSurface.framework/Versions/A/IOSurface
0x000000000a7f0000 	/System/Library/Frameworks/AudioToolbox.framework/Versions/A/AudioToolbox
0x000000000a7f0000 	/System/Library/Frameworks/AudioUnit.framework/Versions/A/AudioUnit
0x000000000a7f0000 	/System/Library/PrivateFrameworks/DataDetectorsCore.framework/Versions/A/DataDetectorsCore
0x000000000a7f0000 	/System/Library/PrivateFrameworks/DesktopServicesPriv.framework/Versions/A/DesktopServicesPriv
0x000000000a7f0000 	/System/Library/Frameworks/Carbon.framework/Versions/A/Frameworks/HIToolbox.framework/Versions/A/HIToolbox
0x000000000a7f0000 	/System/Library/Frameworks/QuartzCore.framework/Versions/A/QuartzCore
0x000000000a7f0000 	/System/Library/Frameworks/Carbon.framework/Versions/A/Frameworks/SpeechRecognition.framework/Versions/A/SpeechRecognition
0x000000000a7f0000 	/usr/lib/libauto.dylib
0x000000000a7f0000 	/usr/lib/libicucore.A.dylib
0x000000000a7f0000 	/usr/lib/libxml2.2.dylib
0x000000000a7f0000 	/System/Library/PrivateFrameworks/CoreUI.framework/Versions/A/CoreUI
0x000000000a7f0000 	/System/Library/Frameworks/CoreAudio.framework/Versions/A/CoreAudio
0x000000000a7f0000 	/System/Library/Frameworks/DiskArbitration.framework/Versions/A/DiskArbitration
0x000000000a7f0000 	/usr/lib/liblangid.dylib
0x000000000a7f0000 	/System/Library/PrivateFrameworks/MultitouchSupport.framework/Versions/A/MultitouchSupport
0x000000000a7f0000 	/System/Library/Frameworks/IOKit.framework/Versions/A/IOKit
0x000000000a7f0000 	/usr/lib/libDiagnosticMessagesClient.dylib
0x000000000a7f0000 	/System/Library/Frameworks/CoreServices.framework/Versions/A/CoreServices
0x000000000a7f0000 	/System/Library/PrivateFrameworks/PerformanceAnalysis.framework/Versions/A/PerformanceAnalysis
0x000000000a7f0000 	/System/Library/PrivateFrameworks/GenerationalStorage.framework/Versions/A/GenerationalStorage
0x000000000a7f0000 	/System/Library/Frameworks/OpenGL.framework/Versions/A/OpenGL
0x000000000a7f0000 	/System/Library/PrivateFrameworks/Sharing.framework/Versions/A/Sharing
0x000000000a7f0000 	/System/Library/Frameworks/CoreGraphics.framework/Versions/A/CoreGraphics
0x000000000a7f0000 	/System/Library/Frameworks/CoreText.framework/Versions/A/CoreText
0x000000000a7f0000 	/System/Library/Frameworks/ImageIO.framework/Versions/A/ImageIO
0x000000000a7f0000 	/usr/lib/libextension.dylib
0x000000000a7f0000 	/System/Library/PrivateFrameworks/Backup.framework/Versions/A/Backup
0x000000000a7f0000 	/usr/lib/libarchive.2.dylib
0x000000000a7f0000 	/System/Library/Frameworks/CFNetwork.framework/Versions/A/CFNetwork
0x000000000a7f0000 	/System/Library/Frameworks/SystemConfiguration.framework/Versions/A/SystemConfiguration
0x000000000a7f0000 	/usr/lib/libCRFSuite.dylib
0x000000000a7f0000 	/usr/lib/libc++.1.dylib
0x000000000a7f0000 	/usr/lib/libc++abi.dylib
0x000000000a7f0000 	/usr/lib/system/libcache.dylib
0x000000000a7f0000 	/usr/lib/system/libcommonCrypto.dylib
0x000000000a7f0000 	/usr/lib/system/libcompiler_rt.dylib
0x000000000a7f0000 	/usr/lib/system/libcopyfile.dylib
0x000000000a7f0000 	/usr/lib/system/libcorecrypto.dylib
0x000000000a7f0000 	/usr/lib/system/libdispatch.dylib
0x000000000a7f0000 	/usr/lib/system/libdyld.dylib
0x000000000a7f0000 	/usr/lib/system/libkeymgr.dylib
0x000000000a7f0000 	/usr/lib/system/liblaunch.dylib
0x000000000a7f0000 	/usr/lib/system/libmacho.dylib
0x000000000a7f0000 	/usr/lib/system/libquarantine.dylib
0x000000000a7f0000 	/usr/lib/system/libremovefile.dylib
0x000000000a7f0000 	/usr/lib/system/libsystem_asl.dylib
0x000000000a7f0000 	/usr/lib/system/libsystem_blocks.dylib
0x000000000a7f0000 	/usr/lib/system/libsystem_c.dylib
0x000000000a7f0000 	/usr/lib/system/libsystem_configuration.dylib
0x000000000a7f0000 	/usr/lib/system/libsystem_coreservices.dylib
0x000000000a7f0000 	/usr/lib/system/libsystem_coretls.dylib
0x000000000a7f0000 	/usr/lib/system/libsystem_dnssd.dylib
0x000000000a7f0000 	/usr/lib/system/libsystem_info.dylib
0x000000000a7f0000 	/usr/lib/system/libsystem_kernel.dylib
0x000000000a7f0000 	/usr/lib/system/libsystem_m.dylib
0x000000000a7f0000 	/usr/lib/system/libsystem_malloc.dylib
0x000000000a7f0000 	/usr/lib/system/libsystem_network.dylib
0x000000000a7f0000 	/usr/lib/system/libsystem_networkextension.dylib
0x000000000a7f0000 	/usr/lib/system/libsystem_notify.dylib
0x000000000a7f0000 	/usr/lib/system/libsystem_platform.dylib
0x000000000a7f0000 	/usr/lib/system/libsystem_pthread.dylib
0x000000000a7f0000 	/usr/lib/system/libsystem_sandbox.dylib
0x000000000a7f0000 	/usr/lib/system/libsystem_secinit.dylib
0x000000000a7f0000 	/usr/lib/system/libsystem_stats.dylib
0x000000000a7f0000 	/usr/lib/system/libsystem_trace.dylib
0x000000000a7f0000 	/usr/lib/system/libunc.dylib
0x000000000a7f0000 	/usr/lib/system/libunwind.dylib
0x000000000a7f0000 	/usr/lib/system/libxpc.dylib
0x000000000a7f0000 	/usr/lib/libbz2.1.0.dylib
0x000000000a7f0000 	/usr/lib/liblzma.5.dylib
0x000000000a7f0000 	/usr/lib/libbsm.0.dylib
0x000000000a7f0000 	/usr/lib/libsqlite3.dylib
0x000000000a7f0000 	/usr/lib/system/libkxld.dylib
0x000000000a7f0000 	/usr/lib/libxar.1.dylib
0x000000000a7f0000 	/usr/lib/libpam.2.dylib
0x000000000a7f0000 	/usr/lib/libOpenScriptingUtil.dylib
0x000000000a7f0000 	/System/Library/Frameworks/CoreServices.framework/Versions/A/Frameworks/FSEvents.framework/Versions/A/FSEvents
0x000000000a7f0000 	/System/Library/Frameworks/CoreServices.framework/Versions/A/Frameworks/CarbonCore.framework/Versions/A/CarbonCore
0x000000000a7f0000 	/System/Library/Frameworks/CoreServices.framework/Versions/A/Frameworks/Metadata.framework/Versions/A/Metadata
0x000000000a7f0000 	/System/Library/Frameworks/CoreServices.framework/Versions/A/Frameworks/OSServices.framework/Versions/A/OSServices
0x000000000a7f0000 	/System/Library/Frameworks/CoreServices.framework/Versions/A/Frameworks/SearchKit.framework/Versions/A/SearchKit
0x000000000a7f0000 	/System/Library/Frameworks/CoreServices.framework/Versions/A/Frameworks/AE.framework/Versions/A/AE
0x000000000a7f0000 	/System/Library/Frameworks/CoreServices.framework/Versions/A/Frameworks/LaunchServices.framework/Versions/A/LaunchServices
0x000000000a7f0000 	/System/Library/Frameworks/CoreServices.framework/Versions/A/Frameworks/DictionaryServices.framework/Versions/A/DictionaryServices
0x000000000a7f0000 	/System/Library/Frameworks/NetFS.framework/Versions/A/NetFS
0x000000000a7f0000 	/System/Library/PrivateFrameworks/NetAuth.framework/Versions/A/NetAuth
0x000000000a7f0000 	/System/Library/PrivateFrameworks/login.framework/Versions/A/Frameworks/loginsupport.framework/Versions/A/loginsupport
0x000000000a7f0000 	/System/Library/PrivateFrameworks/TCC.framework/Versions/A/TCC
0x000000000a7f0000 	/usr/lib/libmecabra.dylib
0x000000000a7f0000 	/System/Library/Frameworks/ApplicationServices.framework/Versions/A/Frameworks/ATS.framework/Versions/A/ATS
0x000000000a7f0000 	/System/Library/Frameworks/ApplicationServices.framework/Versions/A/Frameworks/ColorSync.framework/Versions/A/ColorSync
0x000000000a7f0000 	/System/Library/Frameworks/ApplicationServices.framework/Versions/A/Frameworks/HIServices.framework/Versions/A/HIServices
0x000000000a7f0000 	/System/Library/Frameworks/ApplicationServices.framework/Versions/A/Frameworks/LangAnalysis.framework/Versions/A/LangAnalysis
0x000000000a7f0000 	/System/Library/Frameworks/ApplicationServices.framework/Versions/A/Frameworks/PrintCore.framework/Versions/A/PrintCore
0x000000000a7f0000 	/System/Library/Frameworks/ApplicationServices.framework/Versions/A/Frameworks/QD.framework/Versions/A/QD
0x000000000a7f0000 	/System/Library/Frameworks/ApplicationServices.framework/Versions/A/Frameworks/SpeechSynthesis.framework/Versions/A/SpeechSynthesis
0x000000000a7f0000 	/System/Library/Frameworks/Accelerate.framework/Versions/A/Accelerate
0x000000000a7f0000 	/System/Library/Frameworks/Accelerate.framework/Versions/A/Frameworks/vImage.framework/Versions/A/vImage
0x000000000a7f0000 	/System/Library/Frameworks/Accelerate.framework/Versions/A/Frameworks/vecLib.framework/Versions/A/vecLib
0x000000000a7f0000 	/System/Library/Frameworks/Accelerate.framework/Versions/A/Frameworks/vecLib.framework/Versions/A/libvDSP.dylib
0x000000000a7f0000 	/System/Library/Frameworks/Accelerate.framework/Versions/A/Frameworks/vecLib.framework/Versions/A/libvMisc.dylib
0x000000000a7f0000 	/System/Library/Frameworks/Accelerate.framework/Versions/A/Frameworks/vecLib.framework/Versions/A/libLAPACK.dylib
0x000000000a7f0000 	/System/Library/Frameworks/Accelerate.framework/Versions/A/Frameworks/vecLib.framework/Versions/A/libBLAS.dylib
0x000000000a7f0000 	/System/Library/Frameworks/Accelerate.framework/Versions/A/Frameworks/vecLib.framework/Versions/A/libLinearAlgebra.dylib
0x000000000a7f0000 	/System/Library/Frameworks/ApplicationServices.framework/Versions/A/Frameworks/ATS.framework/Versions/A/Resources/libFontParser.dylib
0x000000000a7f0000 	/System/Library/Frameworks/ApplicationServices.framework/Versions/A/Frameworks/ATS.framework/Versions/A/Resources/libFontRegistry.dylib
0x000000000a7f0000 	/System/Library/PrivateFrameworks/AppleVPA.framework/Versions/A/AppleVPA
0x000000000a7f0000 	/System/Library/PrivateFrameworks/AppleJPEG.framework/Versions/A/AppleJPEG
0x000000000a7f0000 	/System/Library/Frameworks/ImageIO.framework/Versions/A/Resources/libJPEG.dylib
0x000000000a7f0000 	/System/Library/Frameworks/ImageIO.framework/Versions/A/Resources/libTIFF.dylib
0x000000000a7f0000 	/System/Library/Frameworks/ImageIO.framework/Versions/A/Resources/libPng.dylib
0x000000000a7f0000 	/System/Library/Frameworks/ImageIO.framework/Versions/A/Resources/libGIF.dylib
0x000000000a7f0000 	/System/Library/Frameworks/ImageIO.framework/Versions/A/Resources/libJP2.dylib
0x000000000a7f0000 	/System/Library/Frameworks/ImageIO.framework/Versions/A/Resources/libRadiance.dylib
0x000000000a7f0000 	/System/Library/Frameworks/CoreVideo.framework/Versions/A/CoreVideo
0x000000000a7f0000 	/System/Library/Frameworks/OpenGL.framework/Versions/A/Libraries/libGLU.dylib
0x000000000a7f0000 	/System/Library/Frameworks/OpenGL.framework/Versions/A/Libraries/libGFXShared.dylib
0x000000000a7f0000 	/System/Library/Frameworks/OpenGL.framework/Versions/A/Libraries/libGL.dylib
0x000000000a7f0000 	/System/Library/Frameworks/OpenGL.framework/Versions/A/Libraries/libGLImage.dylib
0x000000000a7f0000 	/System/Library/Frameworks/OpenGL.framework/Versions/A/Libraries/libCVMSPluginSupport.dylib
0x000000000a7f0000 	/System/Library/Frameworks/OpenGL.framework/Versions/A/Libraries/libCoreVMClient.dylib
0x000000000a7f0000 	/usr/lib/libcups.2.dylib
0x000000000a7f0000 	/System/Library/Frameworks/Kerberos.framework/Versions/A/Kerberos
0x000000000a7f0000 	/System/Library/Frameworks/GSS.framework/Versions/A/GSS
0x000000000a7f0000 	/usr/lib/libresolv.9.dylib
0x000000000a7f0000 	/usr/lib/libiconv.2.dylib
0x000000000a7f0000 	/System/Library/PrivateFrameworks/Heimdal.framework/Versions/A/Heimdal
0x000000000a7f0000 	/usr/lib/libheimdal-asn1.dylib
0x000000000a7f0000 	/System/Library/Frameworks/OpenDirectory.framework/Versions/A/OpenDirectory
0x000000000a7f0000 	/System/Library/PrivateFrameworks/CommonAuth.framework/Versions/A/CommonAuth
0x000000000a7f0000 	/System/Library/Frameworks/OpenDirectory.framework/Versions/A/Frameworks/CFOpenDirectory.framework/Versions/A/CFOpenDirectory
0x000000000a7f0000 	/System/Library/Frameworks/SecurityFoundation.framework/Versions/A/SecurityFoundation
0x000000000a7f0000 	/System/Library/PrivateFrameworks/LanguageModeling.framework/Versions/A/LanguageModeling
0x000000000a7f0000 	/usr/lib/libcmph.dylib
0x000000000a7f0000 	/System/Library/Frameworks/ServiceManagement.framework/Versions/A/ServiceManagement
0x000000000a7f0000 	/usr/lib/libxslt.1.dylib
0x000000000a7f0000 	/System/Library/Frameworks/Carbon.framework/Versions/A/Frameworks/Ink.framework/Versions/A/Ink
0x000000000a7f0000 	/System/Library/Frameworks/QuartzCore.framework/Versions/A/Frameworks/CoreImage.framework/Versions/A/CoreImage
0x000000000a7f0000 	/System/Library/PrivateFrameworks/CrashReporterSupport.framework/Versions/A/CrashReporterSupport
0x000000000a7f0000 	/System/Library/Frameworks/OpenCL.framework/Versions/A/OpenCL
0x000000000a7f0000 	/System/Library/PrivateFrameworks/FaceCore.framework/Versions/A/FaceCore
0x000000000a7f0000 	/System/Library/PrivateFrameworks/Ubiquity.framework/Versions/A/Ubiquity
0x000000000a7f0000 	/System/Library/PrivateFrameworks/IconServices.framework/Versions/A/IconServices
0x000000000a7f0000 	/System/Library/PrivateFrameworks/ChunkingLibrary.framework/Versions/A/ChunkingLibrary
0x000000000a7f0000 	/System/Library/PrivateFrameworks/Apple80211.framework/Versions/A/Apple80211
0x000000000a7f0000 	/System/Library/Frameworks/CoreWLAN.framework/Versions/A/CoreWLAN
0x000000000a7f0000 	/System/Library/Frameworks/IOBluetooth.framework/Versions/A/IOBluetooth
0x000000000a7f0000 	/System/Library/PrivateFrameworks/CoreWiFi.framework/Versions/A/CoreWiFi
0x000000000a7f0000 	/System/Library/Frameworks/CoreBluetooth.framework/Versions/A/CoreBluetooth
0x000000000a7f0000 	/System/Library/PrivateFrameworks/DebugSymbols.framework/Versions/A/DebugSymbols
0x000000000a7f0000 	/System/Library/PrivateFrameworks/CoreSymbolication.framework/Versions/A/CoreSymbolication
0x000000000a7f0000 	/System/Library/PrivateFrameworks/Symbolication.framework/Versions/A/Symbolication
0x000000000a7f0000 	/System/Library/PrivateFrameworks/SpeechRecognitionCore.framework/Versions/A/SpeechRecognitionCore
0x0000000101400000 	/Library/Java/JavaVirtualMachines/jdk1.8.0_25.jdk/Contents/Home/jre/lib/server/libjvm.dylib
0x000000000a7f0000 	/usr/lib/libstdc++.6.dylib
0x0000000100b9c000 	/Library/Java/JavaVirtualMachines/jdk1.8.0_25.jdk/Contents/Home/jre/lib/libverify.dylib
0x0000000100baa000 	/Library/Java/JavaVirtualMachines/jdk1.8.0_25.jdk/Contents/Home/jre/lib/libjava.dylib
0x0000000100be8000 	/Library/Java/JavaVirtualMachines/jdk1.8.0_25.jdk/Contents/Home/jre/lib/libzip.dylib
0x0000000118493000 	/System/Library/Frameworks/JavaVM.framework/Frameworks/JavaRuntimeSupport.framework/JavaRuntimeSupport
0x00000001184ab000 	/System/Library/Frameworks/JavaVM.framework/Versions/A/Frameworks/JavaNativeFoundation.framework/Versions/A/JavaNativeFoundation
0x0000000100bf2000 	/System/Library/Frameworks/JavaVM.framework/Versions/A/JavaVM
0x000000000a7f0000 	/System/Library/Frameworks/Carbon.framework/Versions/A/Carbon
0x00000001184c0000 	/System/Library/PrivateFrameworks/JavaLaunching.framework/Versions/A/JavaLaunching
0x000000000a7f0000 	/System/Library/Frameworks/Carbon.framework/Versions/A/Frameworks/CommonPanels.framework/Versions/A/CommonPanels
0x000000000a7f0000 	/System/Library/Frameworks/Carbon.framework/Versions/A/Frameworks/Help.framework/Versions/A/Help
0x000000000a7f0000 	/System/Library/Frameworks/Carbon.framework/Versions/A/Frameworks/ImageCapture.framework/Versions/A/ImageCapture
0x000000000a7f0000 	/System/Library/Frameworks/Carbon.framework/Versions/A/Frameworks/OpenScripting.framework/Versions/A/OpenScripting
0x000000000a7f0000 	/System/Library/Frameworks/Carbon.framework/Versions/A/Frameworks/Print.framework/Versions/A/Print
0x000000000a7f0000 	/System/Library/Frameworks/Carbon.framework/Versions/A/Frameworks/SecurityHI.framework/Versions/A/SecurityHI
0x000000011a32c000 	/Library/Java/Extensions/librxtxSerial.jnilib

VM Arguments:
jvm_args: -Dfile.encoding=UTF-8 
java_command: ArduinoCommunicator.ArduinoCommunicator
java_class_path (initial): /Users/Bast/Documents/_CODE/JavaCore/lib/Chesspresso-lib.jar:/Users/Bast/Documents/_CODE/JavaCore/lib/jsch-0.1.51.jar:/Users/Bast/Documents/_CODE/JavaCore/lib/mysql-connector-java-5.1.18-bin.jar:/Users/Bast/Documents/_CODE/JavaCore/lib/RXTXcomm.jar:/Users/Bast/Documents/_CODE/JavaCore/build/classes
Launcher Type: SUN_STANDARD

Environment Variables:
PATH=/usr/bin:/bin:/usr/sbin:/sbin
LD_LIBRARY_PATH=/Library/Java/JavaVirtualMachines/jdk1.8.0_25.jdk/Contents/Home/jre/lib/amd64:/Library/Java/JavaVirtualMachines/jdk1.8.0_25.jdk/Contents/Home/jre/lib/i386:
SHELL=/bin/bash
DISPLAY=/private/tmp/com.apple.launchd.IPjb9qhDTr/org.macosforge.xquartz:0
DYLD_LIBRARY_PATH=/Applications/NetBeans/NetBeans 8.0.1.app/Contents/Resources/NetBeans/webcommon/bin:

Signal Handlers:
SIGSEGV: [libjvm.dylib+0x579dc7], sa_mask[0]=11111111011111110111111111111111, sa_flags=SA_ONSTACK|SA_RESTART|SA_SIGINFO
SIGBUS: [libjvm.dylib+0x579dc7], sa_mask[0]=11111111011111110111111111111111, sa_flags=SA_RESTART|SA_SIGINFO
SIGFPE: [libjvm.dylib+0x45b030], sa_mask[0]=11111111011111110111111111111111, sa_flags=SA_RESTART|SA_SIGINFO
SIGPIPE: [libjvm.dylib+0x45b030], sa_mask[0]=11111111011111110111111111111111, sa_flags=SA_RESTART|SA_SIGINFO
SIGXFSZ: [libjvm.dylib+0x45b030], sa_mask[0]=11111111011111110111111111111111, sa_flags=SA_RESTART|SA_SIGINFO
SIGILL: [libjvm.dylib+0x45b030], sa_mask[0]=11111111011111110111111111111111, sa_flags=SA_RESTART|SA_SIGINFO
SIGUSR1: SIG_DFL, sa_mask[0]=00000000000000000000000000000000, sa_flags=none
SIGUSR2: [libjvm.dylib+0x45ab4e], sa_mask[0]=00100000000000000000000000000000, sa_flags=SA_RESTART|SA_SIGINFO
SIGHUP: [libjvm.dylib+0x459121], sa_mask[0]=11111111011111110111111111111111, sa_flags=SA_RESTART|SA_SIGINFO
SIGINT: SIG_IGN, sa_mask[0]=00000000000000000000000000000000, sa_flags=none
SIGTERM: [libjvm.dylib+0x459121], sa_mask[0]=11111111011111110111111111111111, sa_flags=SA_RESTART|SA_SIGINFO
SIGQUIT: [libjvm.dylib+0x459121], sa_mask[0]=11111111011111110111111111111111, sa_flags=SA_RESTART|SA_SIGINFO


---------------  S Y S T E M  ---------------

OS:Bsduname:Darwin 14.1.0 Darwin Kernel Version 14.1.0: Thu Feb 26 19:26:47 PST 2015; root:xnu-2782.10.73~1/RELEASE_X86_64 x86_64
rlimit: STACK 8192k, CORE 0k, NPROC 709, NOFILE 10240, AS infinity
load average:1.25 1.25 1.39

CPU:total 4 (2 cores per cpu, 2 threads per core) family 6 model 58 stepping 9, cmov, cx8, fxsr, mmx, sse, sse2, sse3, ssse3, sse4.1, sse4.2, popcnt, avx, aes, clmul, erms, ht, tsc, tscinvbit, tscinv

Memory: 4k page, physical 8388608k(1433628k free)

/proc/meminfo:


vm_info: Java HotSpot(TM) 64-Bit Server VM (25.25-b02) for bsd-amd64 JRE (1.8.0_25-b17), built on Sep 17 2014 16:56:50 by "java_re" with gcc 4.2.1 (Based on Apple Inc. build 5658) (LLVM build 2336.11.00)

time: Wed Mar 25 15:26:29 2015
elapsed time: 8 seconds (0d 0h 0m 8s)

