#
# A fatal error has been detected by the Java Runtime Environment:
#
#  SIGSEGV (0xb) at pc=0x00000001df37d12f, pid=3739, tid=4099
#
# JRE version: Java(TM) SE Runtime Environment (8.0_25-b17) (build 1.8.0_25-b17)
# Java VM: Java HotSpot(TM) 64-Bit Server VM (25.25-b02 mixed mode bsd-amd64 compressed oops)
# Problematic frame:
# C  [librxtxSerial.jnilib+0x312f]  Java_gnu_io_RXTXPort_interruptEventLoop+0x6b
#
# Failed to write core dump. Core dumps have been disabled. To enable core dumping, try "ulimit -c unlimited" before starting Java again
#
# If you would like to submit a bug report, please visit:
#   http://bugreport.sun.com/bugreport/crash.jsp
# The crash happened outside the Java Virtual Machine in native code.
# See problematic frame for where to report the bug.
#

---------------  T H R E A D  ---------------

Current thread (0x00007ffbd9805000):  JavaThread "main" [_thread_in_native, id=4099, stack(0x00000001068f0000,0x00000001069f0000)]

siginfo: si_signo: 11 (SIGSEGV), si_code: 1 (SEGV_MAPERR), si_addr: 0x00000001df488868

Registers:
RAX=0x0000000000000000, RBX=0x00000001df488700, RCX=0x00007fff9620e48a, RDX=0xffffffffffffffff
RSP=0x00000001069ef790, RBP=0x00000001069ef7a0, RSI=0x0000000000000000, RDI=0x000000000000003c
R8 =0x0000000000000000, R9 =0x0000000002faf080, R10=0x0000000000000001, R11=0x0000000000000247
R12=0x0000000000000014, R13=0x00000001dbbc2018, R14=0x00000001069ef818, R15=0x00007ffbd9805000
RIP=0x00000001df37d12f, EFLAGS=0x0000000000010202, ERR=0x0000000000000004
  TRAPNO=0x000000000000000e

Top of Stack: (sp=0x00000001069ef790)
0x00000001069ef790:   00000001dbbc2018 0000000000000000
0x00000001069ef7a0:   00000001069ef7f8 0000000107273694
0x00000001069ef7b0:   00000001072733e2 00000001069ef7b8
0x00000001069ef7c0:   00000001dbbc2018 00000001069ef818
0x00000001069ef7d0:   00000001dbbcd988 0000000000000000
0x00000001069ef7e0:   00000001dbbc2018 0000000000000000
0x00000001069ef7f0:   00000001069ef818 00000001069ef860
0x00000001069ef800:   000000010726598d 0000000000000000
0x00000001069ef810:   000000010726d2b8 000000016c249758
0x00000001069ef820:   00000001069ef820 00000001dbbc24bf
0x00000001069ef830:   00000001069ef878 00000001dbbcd988
0x00000001069ef840:   0000000000000000 00000001dbbc2550
0x00000001069ef850:   00000001069ef818 00000001069ef878
0x00000001069ef860:   00000001069ef8d0 000000010726598d
0x00000001069ef870:   0000000000000000 000000016c249758
0x00000001069ef880:   0000000000000001 000000016c1d99a0
0x00000001069ef890:   00000001069ef880 00000001dbbb723b
0x00000001069ef8a0:   00000001069ef8e0 00000001dbbb7660
0x00000001069ef8b0:   0000000000000000 00000001dbbb7260
0x00000001069ef8c0:   00000001069ef878 00000001069ef8e0
0x00000001069ef8d0:   00000001069ef928 000000010726598d
0x00000001069ef8e0:   000000016c1d99a0 00000001069ef8e8
0x00000001069ef8f0:   00000001dbbb74b0 00000001069ef948
0x00000001069ef900:   00000001dbbb7660 0000000000000000
0x00000001069ef910:   00000001dbbb7528 00000001069ef8e0
0x00000001069ef920:   00000001069ef948 00000001069ef9b0
0x00000001069ef930:   000000010725e4e7 0000000000000000
0x00000001069ef940:   000000016c1d99a0 000000016c1d9990
0x00000001069ef950:   0000000100001fa0 000000000000000a
0x00000001069ef960:   00007ffbd9805000 0000000000000001
0x00000001069ef970:   000000010725e45f 00000001dbbb7528
0x00000001069ef980:   00000001069efa48 00000001069efdd0 

Instructions: (pc=0x00000001df37d12f)
0x00000001df37d10f:   00 01 00 00 00 48 8b bb 78 01 00 00 be 06 00 00
0x00000001df37d11f:   00 e8 4d 27 00 00 bf 50 c3 00 00 e8 c7 27 00 00
0x00000001df37d12f:   83 bb 68 01 00 00 01 74 16 48 8b bb 78 01 00 00
0x00000001df37d13f:   e8 16 27 00 00 c7 83 68 01 00 00 01 00 00 00 5b 

Register to memory mapping:

RAX=0x0000000000000000 is an unknown value
RBX=0x00000001df488700 is an unknown value
RCX=0x00007fff9620e48a: __semwait_signal+0xa in /usr/lib/system/libsystem_kernel.dylib at 0x00007fff961f8000
RDX=0xffffffffffffffff is an unknown value
RSP=0x00000001069ef790 is pointing into the stack for thread: 0x00007ffbd9805000
RBP=0x00000001069ef7a0 is pointing into the stack for thread: 0x00007ffbd9805000
RSI=0x0000000000000000 is an unknown value
RDI=0x000000000000003c is an unknown value
R8 =0x0000000000000000 is an unknown value
R9 =0x0000000002faf080 is an unknown value
R10=0x0000000000000001 is an unknown value
R11=0x0000000000000247 is an unknown value
R12=0x0000000000000014 is an unknown value
R13={method} {0x00000001dbbc2018} 'interruptEventLoop' '()V' in 'gnu/io/RXTXPort'
R14=0x00000001069ef818 is pointing into the stack for thread: 0x00007ffbd9805000
R15=0x00007ffbd9805000 is a thread


Stack: [0x00000001068f0000,0x00000001069f0000],  sp=0x00000001069ef790,  free space=1021k
Native frames: (J=compiled Java code, j=interpreted, Vv=VM code, C=native code)
C  [librxtxSerial.jnilib+0x312f]  Java_gnu_io_RXTXPort_interruptEventLoop+0x6b
j  gnu.io.RXTXPort.interruptEventLoop()V+0
j  gnu.io.RXTXPort.removeEventListener()V+55
j  ArduinoCommunicator.ArduinoCommunicator.close()V+11
j  ArduinoCommunicator.ArduinoCommunicator.main([Ljava/lang/String;)V+48
v  ~StubRoutines::call_stub
V  [libjvm.dylib+0x2d4516]  JavaCalls::call_helper(JavaValue*, methodHandle*, JavaCallArguments*, Thread*)+0x6ae
V  [libjvm.dylib+0x30958b]  jni_invoke_static(JNIEnv_*, JavaValue*, _jobject*, JNICallType, _jmethodID*, JNI_ArgumentPusher*, Thread*)+0x1bf
V  [libjvm.dylib+0x302785]  jni_CallStaticVoidMethod+0x15d
C  [java+0x2c82]  JavaMain+0x998
C  [libsystem_pthread.dylib+0x3268]  _pthread_body+0x83
C  [libsystem_pthread.dylib+0x31e5]  _pthread_body+0x0
C  [libsystem_pthread.dylib+0x141d]  thread_start+0xd
C  0x0000000000000000

Java frames: (J=compiled Java code, j=interpreted, Vv=VM code)
j  gnu.io.RXTXPort.interruptEventLoop()V+0
j  gnu.io.RXTXPort.removeEventListener()V+55
j  ArduinoCommunicator.ArduinoCommunicator.close()V+11
j  ArduinoCommunicator.ArduinoCommunicator.main([Ljava/lang/String;)V+48
v  ~StubRoutines::call_stub

---------------  P R O C E S S  ---------------

Java Threads: ( => current thread )
  0x00007ffbd9864800 JavaThread "Service Thread" daemon [_thread_blocked, id=18179, stack(0x00000001df129000,0x00000001df229000)]
  0x00007ffbda064800 JavaThread "C1 CompilerThread2" daemon [_thread_blocked, id=17667, stack(0x00000001df026000,0x00000001df126000)]
  0x00007ffbd9863800 JavaThread "C2 CompilerThread1" daemon [_thread_blocked, id=17155, stack(0x00000001def23000,0x00000001df023000)]
  0x00007ffbda019800 JavaThread "C2 CompilerThread0" daemon [_thread_blocked, id=16643, stack(0x00000001dee20000,0x00000001def20000)]
  0x00007ffbda00b800 JavaThread "Signal Dispatcher" daemon [_thread_blocked, id=13583, stack(0x00000001ded1d000,0x00000001dee1d000)]
  0x00007ffbda80f800 JavaThread "Finalizer" daemon [_thread_blocked, id=11523, stack(0x00000001dd3e4000,0x00000001dd4e4000)]
  0x00007ffbda809800 JavaThread "Reference Handler" daemon [_thread_blocked, id=11011, stack(0x00000001dd2e1000,0x00000001dd3e1000)]
=>0x00007ffbd9805000 JavaThread "main" [_thread_in_native, id=4099, stack(0x00000001068f0000,0x00000001069f0000)]

Other Threads:
  0x00007ffbda004800 VMThread [stack: 0x00000001dd1de000,0x00000001dd2de000] [id=10499]
  0x00007ffbda812800 WatcherThread [stack: 0x00000001df22c000,0x00000001df32c000] [id=18691]

VM state:not at safepoint (normal execution)

VM Mutex/Monitor currently owned by a thread: None

Heap:
 PSYoungGen      total 38400K, used 3993K [0x000000016bf80000, 0x000000016ea00000, 0x0000000196a00000)
  eden space 33280K, 12% used [0x000000016bf80000,0x000000016c366748,0x000000016e000000)
  from space 5120K, 0% used [0x000000016e500000,0x000000016e500000,0x000000016ea00000)
  to   space 5120K, 0% used [0x000000016e000000,0x000000016e000000,0x000000016e500000)
 ParOldGen       total 87552K, used 0K [0x0000000116a00000, 0x000000011bf80000, 0x000000016bf80000)
  object space 87552K, 0% used [0x0000000116a00000,0x0000000116a00000,0x000000011bf80000)
 Metaspace       used 3028K, capacity 4674K, committed 4864K, reserved 1056768K
  class space    used 327K, capacity 426K, committed 512K, reserved 1048576K

Card table byte_map: [0x0000000196a00000,0x0000000196e01000] byte_map_base: 0x000000019614b000

Marking Bits: (ParMarkBitMap*) 0x0000000106270390
 Begin Bits: [0x00000001973b5000, 0x00000001993b5000)
 End Bits:   [0x00000001993b5000, 0x000000019b3b5000)

Polling page: 0x00000001069f6000

CodeCache: size=245760Kb used=1229Kb max_used=1229Kb free=244531Kb
 bounds [0x000000010725e000, 0x00000001074ce000, 0x000000011625e000]
 total_blobs=331 nmethods=95 adapters=151
 compilation: enabled

Compilation events (10 events):
Event: 0.231 Thread 0x00007ffbda064800   91       3       java.lang.String::getBytes (27 bytes)
Event: 0.231 Thread 0x00007ffbda064800 nmethod 91 0x000000010738fcd0 code [0x000000010738fe60, 0x00000001073900d8]
Event: 0.231 Thread 0x00007ffbda064800   92   !   3       java.lang.StringCoding::encode (120 bytes)
Event: 0.233 Thread 0x00007ffbda064800 nmethod 92 0x0000000107390550 code [0x00000001073908a0, 0x00000001073920f8]
Event: 0.234 Thread 0x00007ffbda064800   93       1       java.util.zip.ZipFile::access$000 (5 bytes)
Event: 0.234 Thread 0x00007ffbda064800 nmethod 93 0x000000010738fa10 code [0x000000010738fb60, 0x000000010738fc50]
Event: 1.152 Thread 0x00007ffbda064800   94       3       java.nio.ByteBuffer::arrayOffset (35 bytes)
Event: 1.153 Thread 0x00007ffbda064800 nmethod 94 0x000000010738f490 code [0x000000010738f620, 0x000000010738f8f8]
Event: 1.153 Thread 0x00007ffbda064800   95       3       java.nio.Buffer::position (43 bytes)
Event: 1.153 Thread 0x00007ffbda064800 nmethod 95 0x000000010738efd0 code [0x000000010738f140, 0x000000010738f3e8]

GC Heap History (0 events):
No events

Deoptimization events (0 events):
No events

Internal exceptions (10 events):
Event: 0.175 Thread 0x00007ffbd9805000 Exception <a 'java/security/PrivilegedActionException'> (0x000000016c1a5998) thrown at [/HUDSON3/workspace/8-2-build-macosx-x86_64/jdk8u25/1514/hotspot/src/share/vm/prims/jvm.cpp, line 1312]
Event: 0.175 Thread 0x00007ffbd9805000 Exception <a 'java/security/PrivilegedActionException'> (0x000000016c1a5b50) thrown at [/HUDSON3/workspace/8-2-build-macosx-x86_64/jdk8u25/1514/hotspot/src/share/vm/prims/jvm.cpp, line 1312]
Event: 0.178 Thread 0x00007ffbd9805000 Exception <a 'java/util/zip/ZipException'> (0x000000016c1b77e8) thrown at [/HUDSON3/workspace/8-2-build-macosx-x86_64/jdk8u25/1514/hotspot/src/share/vm/prims/jni.cpp, line 716]
Event: 0.178 Thread 0x00007ffbd9805000 Exception <a 'java/security/PrivilegedActionException'> (0x000000016c1b7998) thrown at [/HUDSON3/workspace/8-2-build-macosx-x86_64/jdk8u25/1514/hotspot/src/share/vm/prims/jvm.cpp, line 1312]
Event: 0.178 Thread 0x00007ffbd9805000 Exception <a 'java/security/PrivilegedActionException'> (0x000000016c1b7b50) thrown at [/HUDSON3/workspace/8-2-build-macosx-x86_64/jdk8u25/1514/hotspot/src/share/vm/prims/jvm.cpp, line 1312]
Event: 0.179 Thread 0x00007ffbd9805000 Exception <a 'java/security/PrivilegedActionException'> (0x000000016c1b7ec0) thrown at [/HUDSON3/workspace/8-2-build-macosx-x86_64/jdk8u25/1514/hotspot/src/share/vm/prims/jvm.cpp, line 1312]
Event: 0.211 Thread 0x00007ffbd9805000 Exception <a 'java/io/FileNotFoundException'> (0x000000016c2133e8) thrown at [/HUDSON3/workspace/8-2-build-macosx-x86_64/jdk8u25/1514/hotspot/src/share/vm/prims/jni.cpp, line 716]
Event: 0.212 Thread 0x00007ffbd9805000 Exception <a 'java/io/FileNotFoundException'> (0x000000016c215798) thrown at [/HUDSON3/workspace/8-2-build-macosx-x86_64/jdk8u25/1514/hotspot/src/share/vm/prims/jni.cpp, line 716]
Event: 0.220 Thread 0x00007ffbd9805000 Exception <a 'java/io/FileNotFoundException'> (0x000000016c228ea8) thrown at [/HUDSON3/workspace/8-2-build-macosx-x86_64/jdk8u25/1514/hotspot/src/share/vm/prims/jni.cpp, line 716]
Event: 0.221 Thread 0x00007ffbd9805000 Exception <a 'java/io/FileNotFoundException'> (0x000000016c22b0c8) thrown at [/HUDSON3/workspace/8-2-build-macosx-x86_64/jdk8u25/1514/hotspot/src/share/vm/prims/jni.cpp, line 716]

Events (10 events):
Event: 0.230 loading class java/lang/NumberFormatException
Event: 0.230 loading class java/lang/NumberFormatException done
Event: 0.232 loading class java/lang/IndexOutOfBoundsException
Event: 0.232 loading class java/lang/IndexOutOfBoundsException done
Event: 0.234 loading class gnu/io/RXTXPort$MonitorThread
Event: 0.234 loading class gnu/io/RXTXPort$MonitorThread done
Event: 0.235 Thread 0x00007ffbd9899000 Thread added: 0x00007ffbd9899000
Event: 4.164 Executing VM operation: EnableBiasedLocking
Event: 4.164 Executing VM operation: EnableBiasedLocking done
Event: 6.256 Thread 0x00007ffbd9899000 Thread exited: 0x00007ffbd9899000


Dynamic libraries:
0x000000000a7f0000 	/System/Library/Frameworks/Cocoa.framework/Versions/A/Cocoa
0x000000000a7f0000 	/System/Library/Frameworks/Security.framework/Versions/A/Security
0x000000000a7f0000 	/System/Library/Frameworks/ApplicationServices.framework/Versions/A/ApplicationServices
0x000000000a7f0000 	/usr/lib/libz.1.dylib
0x000000000a7f0000 	/usr/lib/libSystem.B.dylib
0x000000000a7f0000 	/usr/lib/libobjc.A.dylib
0x000000000a7f0000 	/System/Library/Frameworks/CoreFoundation.framework/Versions/A/CoreFoundation
0x000000000a7f0000 	/System/Library/Frameworks/Foundation.framework/Versions/C/Foundation
0x000000000a7f0000 	/System/Library/Frameworks/AppKit.framework/Versions/C/AppKit
0x000000000a7f0000 	/System/Library/Frameworks/CoreData.framework/Versions/A/CoreData
0x000000000a7f0000 	/System/Library/PrivateFrameworks/RemoteViewServices.framework/Versions/A/RemoteViewServices
0x000000000a7f0000 	/System/Library/PrivateFrameworks/UIFoundation.framework/Versions/A/UIFoundation
0x000000000a7f0000 	/System/Library/Frameworks/IOSurface.framework/Versions/A/IOSurface
0x000000000a7f0000 	/System/Library/Frameworks/AudioToolbox.framework/Versions/A/AudioToolbox
0x000000000a7f0000 	/System/Library/Frameworks/AudioUnit.framework/Versions/A/AudioUnit
0x000000000a7f0000 	/System/Library/PrivateFrameworks/DataDetectorsCore.framework/Versions/A/DataDetectorsCore
0x000000000a7f0000 	/System/Library/PrivateFrameworks/DesktopServicesPriv.framework/Versions/A/DesktopServicesPriv
0x000000000a7f0000 	/System/Library/Frameworks/Carbon.framework/Versions/A/Frameworks/HIToolbox.framework/Versions/A/HIToolbox
0x000000000a7f0000 	/System/Library/Frameworks/QuartzCore.framework/Versions/A/QuartzCore
0x000000000a7f0000 	/System/Library/Frameworks/Carbon.framework/Versions/A/Frameworks/SpeechRecognition.framework/Versions/A/SpeechRecognition
0x000000000a7f0000 	/usr/lib/libauto.dylib
0x000000000a7f0000 	/usr/lib/libicucore.A.dylib
0x000000000a7f0000 	/usr/lib/libxml2.2.dylib
0x000000000a7f0000 	/System/Library/PrivateFrameworks/CoreUI.framework/Versions/A/CoreUI
0x000000000a7f0000 	/System/Library/Frameworks/CoreAudio.framework/Versions/A/CoreAudio
0x000000000a7f0000 	/System/Library/Frameworks/DiskArbitration.framework/Versions/A/DiskArbitration
0x000000000a7f0000 	/usr/lib/liblangid.dylib
0x000000000a7f0000 	/System/Library/PrivateFrameworks/MultitouchSupport.framework/Versions/A/MultitouchSupport
0x000000000a7f0000 	/System/Library/Frameworks/IOKit.framework/Versions/A/IOKit
0x000000000a7f0000 	/usr/lib/libDiagnosticMessagesClient.dylib
0x000000000a7f0000 	/System/Library/Frameworks/CoreServices.framework/Versions/A/CoreServices
0x000000000a7f0000 	/System/Library/PrivateFrameworks/PerformanceAnalysis.framework/Versions/A/PerformanceAnalysis
0x000000000a7f0000 	/System/Library/PrivateFrameworks/GenerationalStorage.framework/Versions/A/GenerationalStorage
0x000000000a7f0000 	/System/Library/Frameworks/OpenGL.framework/Versions/A/OpenGL
0x000000000a7f0000 	/System/Library/PrivateFrameworks/Sharing.framework/Versions/A/Sharing
0x000000000a7f0000 	/System/Library/Frameworks/CoreGraphics.framework/Versions/A/CoreGraphics
0x000000000a7f0000 	/System/Library/Frameworks/CoreText.framework/Versions/A/CoreText
0x000000000a7f0000 	/System/Library/Frameworks/ImageIO.framework/Versions/A/ImageIO
0x000000000a7f0000 	/usr/lib/libextension.dylib
0x000000000a7f0000 	/System/Library/PrivateFrameworks/Backup.framework/Versions/A/Backup
0x000000000a7f0000 	/usr/lib/libarchive.2.dylib
0x000000000a7f0000 	/System/Library/Frameworks/CFNetwork.framework/Versions/A/CFNetwork
0x000000000a7f0000 	/System/Library/Frameworks/SystemConfiguration.framework/Versions/A/SystemConfiguration
0x000000000a7f0000 	/usr/lib/libCRFSuite.dylib
0x000000000a7f0000 	/usr/lib/libc++.1.dylib
0x000000000a7f0000 	/usr/lib/libc++abi.dylib
0x000000000a7f0000 	/usr/lib/system/libcache.dylib
0x000000000a7f0000 	/usr/lib/system/libcommonCrypto.dylib
0x000000000a7f0000 	/usr/lib/system/libcompiler_rt.dylib
0x000000000a7f0000 	/usr/lib/system/libcopyfile.dylib
0x000000000a7f0000 	/usr/lib/system/libcorecrypto.dylib
0x000000000a7f0000 	/usr/lib/system/libdispatch.dylib
0x000000000a7f0000 	/usr/lib/system/libdyld.dylib
0x000000000a7f0000 	/usr/lib/system/libkeymgr.dylib
0x000000000a7f0000 	/usr/lib/system/liblaunch.dylib
0x000000000a7f0000 	/usr/lib/system/libmacho.dylib
0x000000000a7f0000 	/usr/lib/system/libquarantine.dylib
0x000000000a7f0000 	/usr/lib/system/libremovefile.dylib
0x000000000a7f0000 	/usr/lib/system/libsystem_asl.dylib
0x000000000a7f0000 	/usr/lib/system/libsystem_blocks.dylib
0x000000000a7f0000 	/usr/lib/system/libsystem_c.dylib
0x000000000a7f0000 	/usr/lib/system/libsystem_configuration.dylib
0x000000000a7f0000 	/usr/lib/system/libsystem_coreservices.dylib
0x000000000a7f0000 	/usr/lib/system/libsystem_coretls.dylib
0x000000000a7f0000 	/usr/lib/system/libsystem_dnssd.dylib
0x000000000a7f0000 	/usr/lib/system/libsystem_info.dylib
0x000000000a7f0000 	/usr/lib/system/libsystem_kernel.dylib
0x000000000a7f0000 	/usr/lib/system/libsystem_m.dylib
0x000000000a7f0000 	/usr/lib/system/libsystem_malloc.dylib
0x000000000a7f0000 	/usr/lib/system/libsystem_network.dylib
0x000000000a7f0000 	/usr/lib/system/libsystem_networkextension.dylib
0x000000000a7f0000 	/usr/lib/system/libsystem_notify.dylib
0x000000000a7f0000 	/usr/lib/system/libsystem_platform.dylib
0x000000000a7f0000 	/usr/lib/system/libsystem_pthread.dylib
0x000000000a7f0000 	/usr/lib/system/libsystem_sandbox.dylib
0x000000000a7f0000 	/usr/lib/system/libsystem_secinit.dylib
0x000000000a7f0000 	/usr/lib/system/libsystem_stats.dylib
0x000000000a7f0000 	/usr/lib/system/libsystem_trace.dylib
0x000000000a7f0000 	/usr/lib/system/libunc.dylib
0x000000000a7f0000 	/usr/lib/system/libunwind.dylib
0x000000000a7f0000 	/usr/lib/system/libxpc.dylib
0x000000000a7f0000 	/usr/lib/libbz2.1.0.dylib
0x000000000a7f0000 	/usr/lib/liblzma.5.dylib
0x000000000a7f0000 	/usr/lib/libbsm.0.dylib
0x000000000a7f0000 	/usr/lib/libsqlite3.dylib
0x000000000a7f0000 	/usr/lib/system/libkxld.dylib
0x000000000a7f0000 	/usr/lib/libxar.1.dylib
0x000000000a7f0000 	/usr/lib/libpam.2.dylib
0x000000000a7f0000 	/usr/lib/libOpenScriptingUtil.dylib
0x000000000a7f0000 	/System/Library/Frameworks/CoreServices.framework/Versions/A/Frameworks/FSEvents.framework/Versions/A/FSEvents
0x000000000a7f0000 	/System/Library/Frameworks/CoreServices.framework/Versions/A/Frameworks/CarbonCore.framework/Versions/A/CarbonCore
0x000000000a7f0000 	/System/Library/Frameworks/CoreServices.framework/Versions/A/Frameworks/Metadata.framework/Versions/A/Metadata
0x000000000a7f0000 	/System/Library/Frameworks/CoreServices.framework/Versions/A/Frameworks/OSServices.framework/Versions/A/OSServices
0x000000000a7f0000 	/System/Library/Frameworks/CoreServices.framework/Versions/A/Frameworks/SearchKit.framework/Versions/A/SearchKit
0x000000000a7f0000 	/System/Library/Frameworks/CoreServices.framework/Versions/A/Frameworks/AE.framework/Versions/A/AE
0x000000000a7f0000 	/System/Library/Frameworks/CoreServices.framework/Versions/A/Frameworks/LaunchServices.framework/Versions/A/LaunchServices
0x000000000a7f0000 	/System/Library/Frameworks/CoreServices.framework/Versions/A/Frameworks/DictionaryServices.framework/Versions/A/DictionaryServices
0x000000000a7f0000 	/System/Library/Frameworks/NetFS.framework/Versions/A/NetFS
0x000000000a7f0000 	/System/Library/PrivateFrameworks/NetAuth.framework/Versions/A/NetAuth
0x000000000a7f0000 	/System/Library/PrivateFrameworks/login.framework/Versions/A/Frameworks/loginsupport.framework/Versions/A/loginsupport
0x000000000a7f0000 	/System/Library/PrivateFrameworks/TCC.framework/Versions/A/TCC
0x000000000a7f0000 	/usr/lib/libmecabra.dylib
0x000000000a7f0000 	/System/Library/Frameworks/ApplicationServices.framework/Versions/A/Frameworks/ATS.framework/Versions/A/ATS
0x000000000a7f0000 	/System/Library/Frameworks/ApplicationServices.framework/Versions/A/Frameworks/ColorSync.framework/Versions/A/ColorSync
0x000000000a7f0000 	/System/Library/Frameworks/ApplicationServices.framework/Versions/A/Frameworks/HIServices.framework/Versions/A/HIServices
0x000000000a7f0000 	/System/Library/Frameworks/ApplicationServices.framework/Versions/A/Frameworks/LangAnalysis.framework/Versions/A/LangAnalysis
0x000000000a7f0000 	/System/Library/Frameworks/ApplicationServices.framework/Versions/A/Frameworks/PrintCore.framework/Versions/A/PrintCore
0x000000000a7f0000 	/System/Library/Frameworks/ApplicationServices.framework/Versions/A/Frameworks/QD.framework/Versions/A/QD
0x000000000a7f0000 	/System/Library/Frameworks/ApplicationServices.framework/Versions/A/Frameworks/SpeechSynthesis.framework/Versions/A/SpeechSynthesis
0x000000000a7f0000 	/System/Library/Frameworks/Accelerate.framework/Versions/A/Accelerate
0x000000000a7f0000 	/System/Library/Frameworks/Accelerate.framework/Versions/A/Frameworks/vImage.framework/Versions/A/vImage
0x000000000a7f0000 	/System/Library/Frameworks/Accelerate.framework/Versions/A/Frameworks/vecLib.framework/Versions/A/vecLib
0x000000000a7f0000 	/System/Library/Frameworks/Accelerate.framework/Versions/A/Frameworks/vecLib.framework/Versions/A/libvDSP.dylib
0x000000000a7f0000 	/System/Library/Frameworks/Accelerate.framework/Versions/A/Frameworks/vecLib.framework/Versions/A/libvMisc.dylib
0x000000000a7f0000 	/System/Library/Frameworks/Accelerate.framework/Versions/A/Frameworks/vecLib.framework/Versions/A/libLAPACK.dylib
0x000000000a7f0000 	/System/Library/Frameworks/Accelerate.framework/Versions/A/Frameworks/vecLib.framework/Versions/A/libBLAS.dylib
0x000000000a7f0000 	/System/Library/Frameworks/Accelerate.framework/Versions/A/Frameworks/vecLib.framework/Versions/A/libLinearAlgebra.dylib
0x000000000a7f0000 	/System/Library/Frameworks/ApplicationServices.framework/Versions/A/Frameworks/ATS.framework/Versions/A/Resources/libFontParser.dylib
0x000000000a7f0000 	/System/Library/Frameworks/ApplicationServices.framework/Versions/A/Frameworks/ATS.framework/Versions/A/Resources/libFontRegistry.dylib
0x000000000a7f0000 	/System/Library/PrivateFrameworks/AppleVPA.framework/Versions/A/AppleVPA
0x000000000a7f0000 	/System/Library/PrivateFrameworks/AppleJPEG.framework/Versions/A/AppleJPEG
0x000000000a7f0000 	/System/Library/Frameworks/ImageIO.framework/Versions/A/Resources/libJPEG.dylib
0x000000000a7f0000 	/System/Library/Frameworks/ImageIO.framework/Versions/A/Resources/libTIFF.dylib
0x000000000a7f0000 	/System/Library/Frameworks/ImageIO.framework/Versions/A/Resources/libPng.dylib
0x000000000a7f0000 	/System/Library/Frameworks/ImageIO.framework/Versions/A/Resources/libGIF.dylib
0x000000000a7f0000 	/System/Library/Frameworks/ImageIO.framework/Versions/A/Resources/libJP2.dylib
0x000000000a7f0000 	/System/Library/Frameworks/ImageIO.framework/Versions/A/Resources/libRadiance.dylib
0x000000000a7f0000 	/System/Library/Frameworks/CoreVideo.framework/Versions/A/CoreVideo
0x000000000a7f0000 	/System/Library/Frameworks/OpenGL.framework/Versions/A/Libraries/libGLU.dylib
0x000000000a7f0000 	/System/Library/Frameworks/OpenGL.framework/Versions/A/Libraries/libGFXShared.dylib
0x000000000a7f0000 	/System/Library/Frameworks/OpenGL.framework/Versions/A/Libraries/libGL.dylib
0x000000000a7f0000 	/System/Library/Frameworks/OpenGL.framework/Versions/A/Libraries/libGLImage.dylib
0x000000000a7f0000 	/System/Library/Frameworks/OpenGL.framework/Versions/A/Libraries/libCVMSPluginSupport.dylib
0x000000000a7f0000 	/System/Library/Frameworks/OpenGL.framework/Versions/A/Libraries/libCoreVMClient.dylib
0x000000000a7f0000 	/usr/lib/libcups.2.dylib
0x000000000a7f0000 	/System/Library/Frameworks/Kerberos.framework/Versions/A/Kerberos
0x000000000a7f0000 	/System/Library/Frameworks/GSS.framework/Versions/A/GSS
0x000000000a7f0000 	/usr/lib/libresolv.9.dylib
0x000000000a7f0000 	/usr/lib/libiconv.2.dylib
0x000000000a7f0000 	/System/Library/PrivateFrameworks/Heimdal.framework/Versions/A/Heimdal
0x000000000a7f0000 	/usr/lib/libheimdal-asn1.dylib
0x000000000a7f0000 	/System/Library/Frameworks/OpenDirectory.framework/Versions/A/OpenDirectory
0x000000000a7f0000 	/System/Library/PrivateFrameworks/CommonAuth.framework/Versions/A/CommonAuth
0x000000000a7f0000 	/System/Library/Frameworks/OpenDirectory.framework/Versions/A/Frameworks/CFOpenDirectory.framework/Versions/A/CFOpenDirectory
0x000000000a7f0000 	/System/Library/Frameworks/SecurityFoundation.framework/Versions/A/SecurityFoundation
0x000000000a7f0000 	/System/Library/PrivateFrameworks/LanguageModeling.framework/Versions/A/LanguageModeling
0x000000000a7f0000 	/usr/lib/libcmph.dylib
0x000000000a7f0000 	/System/Library/Frameworks/ServiceManagement.framework/Versions/A/ServiceManagement
0x000000000a7f0000 	/usr/lib/libxslt.1.dylib
0x000000000a7f0000 	/System/Library/Frameworks/Carbon.framework/Versions/A/Frameworks/Ink.framework/Versions/A/Ink
0x000000000a7f0000 	/System/Library/Frameworks/QuartzCore.framework/Versions/A/Frameworks/CoreImage.framework/Versions/A/CoreImage
0x000000000a7f0000 	/System/Library/PrivateFrameworks/CrashReporterSupport.framework/Versions/A/CrashReporterSupport
0x000000000a7f0000 	/System/Library/Frameworks/OpenCL.framework/Versions/A/OpenCL
0x000000000a7f0000 	/System/Library/PrivateFrameworks/FaceCore.framework/Versions/A/FaceCore
0x000000000a7f0000 	/System/Library/PrivateFrameworks/Ubiquity.framework/Versions/A/Ubiquity
0x000000000a7f0000 	/System/Library/PrivateFrameworks/IconServices.framework/Versions/A/IconServices
0x000000000a7f0000 	/System/Library/PrivateFrameworks/ChunkingLibrary.framework/Versions/A/ChunkingLibrary
0x000000000a7f0000 	/System/Library/PrivateFrameworks/Apple80211.framework/Versions/A/Apple80211
0x000000000a7f0000 	/System/Library/Frameworks/CoreWLAN.framework/Versions/A/CoreWLAN
0x000000000a7f0000 	/System/Library/Frameworks/IOBluetooth.framework/Versions/A/IOBluetooth
0x000000000a7f0000 	/System/Library/PrivateFrameworks/CoreWiFi.framework/Versions/A/CoreWiFi
0x000000000a7f0000 	/System/Library/Frameworks/CoreBluetooth.framework/Versions/A/CoreBluetooth
0x000000000a7f0000 	/System/Library/PrivateFrameworks/DebugSymbols.framework/Versions/A/DebugSymbols
0x000000000a7f0000 	/System/Library/PrivateFrameworks/CoreSymbolication.framework/Versions/A/CoreSymbolication
0x000000000a7f0000 	/System/Library/PrivateFrameworks/Symbolication.framework/Versions/A/Symbolication
0x000000000a7f0000 	/System/Library/PrivateFrameworks/SpeechRecognitionCore.framework/Versions/A/SpeechRecognitionCore
0x00000001059d3000 	/Library/Java/JavaVirtualMachines/jdk1.8.0_25.jdk/Contents/Home/jre/lib/server/libjvm.dylib
0x000000000a7f0000 	/usr/lib/libstdc++.6.dylib
0x0000000107213000 	/Library/Java/JavaVirtualMachines/jdk1.8.0_25.jdk/Contents/Home/jre/lib/libverify.dylib
0x0000000107221000 	/Library/Java/JavaVirtualMachines/jdk1.8.0_25.jdk/Contents/Home/jre/lib/libjava.dylib
0x0000000107255000 	/Library/Java/JavaVirtualMachines/jdk1.8.0_25.jdk/Contents/Home/jre/lib/libzip.dylib
0x00000001dd4e6000 	/System/Library/Frameworks/JavaVM.framework/Frameworks/JavaRuntimeSupport.framework/JavaRuntimeSupport
0x00000001dd4fe000 	/System/Library/Frameworks/JavaVM.framework/Versions/A/Frameworks/JavaNativeFoundation.framework/Versions/A/JavaNativeFoundation
0x00000001167ed000 	/System/Library/Frameworks/JavaVM.framework/Versions/A/JavaVM
0x000000000a7f0000 	/System/Library/Frameworks/Carbon.framework/Versions/A/Carbon
0x00000001dd513000 	/System/Library/PrivateFrameworks/JavaLaunching.framework/Versions/A/JavaLaunching
0x000000000a7f0000 	/System/Library/Frameworks/Carbon.framework/Versions/A/Frameworks/CommonPanels.framework/Versions/A/CommonPanels
0x000000000a7f0000 	/System/Library/Frameworks/Carbon.framework/Versions/A/Frameworks/Help.framework/Versions/A/Help
0x000000000a7f0000 	/System/Library/Frameworks/Carbon.framework/Versions/A/Frameworks/ImageCapture.framework/Versions/A/ImageCapture
0x000000000a7f0000 	/System/Library/Frameworks/Carbon.framework/Versions/A/Frameworks/OpenScripting.framework/Versions/A/OpenScripting
0x000000000a7f0000 	/System/Library/Frameworks/Carbon.framework/Versions/A/Frameworks/Print.framework/Versions/A/Print
0x000000000a7f0000 	/System/Library/Frameworks/Carbon.framework/Versions/A/Frameworks/SecurityHI.framework/Versions/A/SecurityHI
0x00000001df37a000 	/Library/Java/Extensions/librxtxSerial.jnilib

VM Arguments:
jvm_args: -Dfile.encoding=UTF-8 
java_command: ArduinoCommunicator.ArduinoCommunicator
java_class_path (initial): /Users/Bast/Documents/_CODE/JavaCore/lib/Chesspresso-lib.jar:/Users/Bast/Documents/_CODE/JavaCore/lib/jsch-0.1.51.jar:/Users/Bast/Documents/_CODE/JavaCore/lib/mysql-connector-java-5.1.18-bin.jar:/Users/Bast/Documents/_CODE/JavaCore/lib/RXTXcomm.jar:/Users/Bast/Documents/_CODE/JavaCore/build/classes
Launcher Type: SUN_STANDARD

Environment Variables:
PATH=/usr/bin:/bin:/usr/sbin:/sbin
LD_LIBRARY_PATH=/Library/Java/JavaVirtualMachines/jdk1.8.0_25.jdk/Contents/Home/jre/lib/amd64:/Library/Java/JavaVirtualMachines/jdk1.8.0_25.jdk/Contents/Home/jre/lib/i386:
SHELL=/bin/bash
DISPLAY=/private/tmp/com.apple.launchd.IPjb9qhDTr/org.macosforge.xquartz:0
DYLD_LIBRARY_PATH=/Applications/NetBeans/NetBeans 8.0.1.app/Contents/Resources/NetBeans/webcommon/bin:

Signal Handlers:
SIGSEGV: [libjvm.dylib+0x579dc7], sa_mask[0]=11111111011111110111111111111111, sa_flags=SA_ONSTACK|SA_RESTART|SA_SIGINFO
SIGBUS: [libjvm.dylib+0x579dc7], sa_mask[0]=11111111011111110111111111111111, sa_flags=SA_RESTART|SA_SIGINFO
SIGFPE: [libjvm.dylib+0x45b030], sa_mask[0]=11111111011111110111111111111111, sa_flags=SA_RESTART|SA_SIGINFO
SIGPIPE: [libjvm.dylib+0x45b030], sa_mask[0]=11111111011111110111111111111111, sa_flags=SA_RESTART|SA_SIGINFO
SIGXFSZ: [libjvm.dylib+0x45b030], sa_mask[0]=11111111011111110111111111111111, sa_flags=SA_RESTART|SA_SIGINFO
SIGILL: [libjvm.dylib+0x45b030], sa_mask[0]=11111111011111110111111111111111, sa_flags=SA_RESTART|SA_SIGINFO
SIGUSR1: SIG_DFL, sa_mask[0]=00000000000000000000000000000000, sa_flags=none
SIGUSR2: [libjvm.dylib+0x45ab4e], sa_mask[0]=00100000000000000000000000000000, sa_flags=SA_RESTART|SA_SIGINFO
SIGHUP: [libjvm.dylib+0x459121], sa_mask[0]=11111111011111110111111111111111, sa_flags=SA_RESTART|SA_SIGINFO
SIGINT: SIG_IGN, sa_mask[0]=00000000000000000000000000000000, sa_flags=none
SIGTERM: [libjvm.dylib+0x459121], sa_mask[0]=11111111011111110111111111111111, sa_flags=SA_RESTART|SA_SIGINFO
SIGQUIT: [libjvm.dylib+0x459121], sa_mask[0]=11111111011111110111111111111111, sa_flags=SA_RESTART|SA_SIGINFO


---------------  S Y S T E M  ---------------

OS:Bsduname:Darwin 14.1.0 Darwin Kernel Version 14.1.0: Thu Feb 26 19:26:47 PST 2015; root:xnu-2782.10.73~1/RELEASE_X86_64 x86_64
rlimit: STACK 8192k, CORE 0k, NPROC 709, NOFILE 10240, AS infinity
load average:1.71 1.65 1.59

CPU:total 4 (2 cores per cpu, 2 threads per core) family 6 model 58 stepping 9, cmov, cx8, fxsr, mmx, sse, sse2, sse3, ssse3, sse4.1, sse4.2, popcnt, avx, aes, clmul, erms, ht, tsc, tscinvbit, tscinv

Memory: 4k page, physical 8388608k(831648k free)

/proc/meminfo:


vm_info: Java HotSpot(TM) 64-Bit Server VM (25.25-b02) for bsd-amd64 JRE (1.8.0_25-b17), built on Sep 17 2014 16:56:50 by "java_re" with gcc 4.2.1 (Based on Apple Inc. build 5658) (LLVM build 2336.11.00)

time: Wed Mar 25 15:10:47 2015
elapsed time: 6 seconds (0d 0h 0m 6s)

